<?xml version="1.0" encoding="UTF-8"?>
<testsuite xmlns:xsi="http://www.w3.org/2001/XMLSchema-instance" xsi:noNamespaceSchemaLocation="https://maven.apache.org/surefire/maven-surefire-plugin/xsd/surefire-test-report-3.0.xsd" version="3.0" name="CucumberOptions.TestRunner" time="26.04" tests="16" errors="0" skipped="0" failures="0">
  <properties>
    <property name="gopherProxySet" value="false"/>
    <property name="awt.toolkit" value="sun.lwawt.macosx.LWCToolkit"/>
    <property name="java.specification.version" value="11"/>
    <property name="sun.cpu.isalist" value=""/>
    <property name="sun.jnu.encoding" value="UTF-8"/>
    <property name="java.class.path" value="/Users/singh2_rajiv/Selenium/Cucumber/target/test-classes:/Users/singh2_rajiv/Selenium/Cucumber/target/classes:/Users/singh2_rajiv/.m2/repository/info/cukes/cucumber-java/1.2.5/cucumber-java-1.2.5.jar:/Users/singh2_rajiv/.m2/repository/info/cukes/cucumber-core/1.2.5/cucumber-core-1.2.5.jar:/Users/singh2_rajiv/.m2/repository/info/cukes/cucumber-html/0.2.3/cucumber-html-0.2.3.jar:/Users/singh2_rajiv/.m2/repository/info/cukes/cucumber-jvm-deps/1.0.5/cucumber-jvm-deps-1.0.5.jar:/Users/singh2_rajiv/.m2/repository/info/cukes/gherkin/2.12.2/gherkin-2.12.2.jar:/Users/singh2_rajiv/.m2/repository/info/cukes/cucumber-junit/1.2.5/cucumber-junit-1.2.5.jar:/Users/singh2_rajiv/.m2/repository/junit/junit/4.12/junit-4.12.jar:/Users/singh2_rajiv/.m2/repository/org/hamcrest/hamcrest-core/1.3/hamcrest-core-1.3.jar:/Users/singh2_rajiv/.m2/repository/org/seleniumhq/selenium/selenium-java/3.141.59/selenium-java-3.141.59.jar:/Users/singh2_rajiv/.m2/repository/org/seleniumhq/selenium/selenium-api/3.141.59/selenium-api-3.141.59.jar:/Users/singh2_rajiv/.m2/repository/org/seleniumhq/selenium/selenium-chrome-driver/3.141.59/selenium-chrome-driver-3.141.59.jar:/Users/singh2_rajiv/.m2/repository/org/seleniumhq/selenium/selenium-edge-driver/3.141.59/selenium-edge-driver-3.141.59.jar:/Users/singh2_rajiv/.m2/repository/org/seleniumhq/selenium/selenium-firefox-driver/3.141.59/selenium-firefox-driver-3.141.59.jar:/Users/singh2_rajiv/.m2/repository/org/seleniumhq/selenium/selenium-ie-driver/3.141.59/selenium-ie-driver-3.141.59.jar:/Users/singh2_rajiv/.m2/repository/org/seleniumhq/selenium/selenium-opera-driver/3.141.59/selenium-opera-driver-3.141.59.jar:/Users/singh2_rajiv/.m2/repository/org/seleniumhq/selenium/selenium-remote-driver/3.141.59/selenium-remote-driver-3.141.59.jar:/Users/singh2_rajiv/.m2/repository/org/seleniumhq/selenium/selenium-safari-driver/3.141.59/selenium-safari-driver-3.141.59.jar:/Users/singh2_rajiv/.m2/repository/org/seleniumhq/selenium/selenium-support/3.141.59/selenium-support-3.141.59.jar:/Users/singh2_rajiv/.m2/repository/net/bytebuddy/byte-buddy/1.8.15/byte-buddy-1.8.15.jar:/Users/singh2_rajiv/.m2/repository/org/apache/commons/commons-exec/1.3/commons-exec-1.3.jar:/Users/singh2_rajiv/.m2/repository/com/google/guava/guava/25.0-jre/guava-25.0-jre.jar:/Users/singh2_rajiv/.m2/repository/com/google/code/findbugs/jsr305/1.3.9/jsr305-1.3.9.jar:/Users/singh2_rajiv/.m2/repository/org/checkerframework/checker-compat-qual/2.0.0/checker-compat-qual-2.0.0.jar:/Users/singh2_rajiv/.m2/repository/com/google/errorprone/error_prone_annotations/2.1.3/error_prone_annotations-2.1.3.jar:/Users/singh2_rajiv/.m2/repository/com/google/j2objc/j2objc-annotations/1.1/j2objc-annotations-1.1.jar:/Users/singh2_rajiv/.m2/repository/org/codehaus/mojo/animal-sniffer-annotations/1.14/animal-sniffer-annotations-1.14.jar:/Users/singh2_rajiv/.m2/repository/com/squareup/okhttp3/okhttp/3.11.0/okhttp-3.11.0.jar:/Users/singh2_rajiv/.m2/repository/com/squareup/okio/okio/1.14.0/okio-1.14.0.jar:"/>
    <property name="java.vm.vendor" value="Oracle Corporation"/>
    <property name="sun.arch.data.model" value="64"/>
    <property name="java.vendor.url" value="http://java.oracle.com/"/>
    <property name="user.timezone" value=""/>
    <property name="java.vm.specification.version" value="11"/>
    <property name="os.name" value="Mac OS X"/>
    <property name="sun.java.launcher" value="SUN_STANDARD"/>
    <property name="user.country" value="US"/>
    <property name="sun.boot.library.path" value="/Library/Java/JavaVirtualMachines/jdk-11.0.2.jdk/Contents/Home/lib"/>
    <property name="sun.java.command" value="/Users/singh2_rajiv/Selenium/Cucumber/target/surefire/surefirebooter13978282631519124084.jar /Users/singh2_rajiv/Selenium/Cucumber/target/surefire 2019-10-08T12-12-36_777-jvmRun1 surefire7936470506374926815tmp surefire_04826678813495530854tmp"/>
    <property name="jdk.debug" value="release"/>
    <property name="surefire.test.class.path" value="/Users/singh2_rajiv/Selenium/Cucumber/target/test-classes:/Users/singh2_rajiv/Selenium/Cucumber/target/classes:/Users/singh2_rajiv/.m2/repository/info/cukes/cucumber-java/1.2.5/cucumber-java-1.2.5.jar:/Users/singh2_rajiv/.m2/repository/info/cukes/cucumber-core/1.2.5/cucumber-core-1.2.5.jar:/Users/singh2_rajiv/.m2/repository/info/cukes/cucumber-html/0.2.3/cucumber-html-0.2.3.jar:/Users/singh2_rajiv/.m2/repository/info/cukes/cucumber-jvm-deps/1.0.5/cucumber-jvm-deps-1.0.5.jar:/Users/singh2_rajiv/.m2/repository/info/cukes/gherkin/2.12.2/gherkin-2.12.2.jar:/Users/singh2_rajiv/.m2/repository/info/cukes/cucumber-junit/1.2.5/cucumber-junit-1.2.5.jar:/Users/singh2_rajiv/.m2/repository/junit/junit/4.12/junit-4.12.jar:/Users/singh2_rajiv/.m2/repository/org/hamcrest/hamcrest-core/1.3/hamcrest-core-1.3.jar:/Users/singh2_rajiv/.m2/repository/org/seleniumhq/selenium/selenium-java/3.141.59/selenium-java-3.141.59.jar:/Users/singh2_rajiv/.m2/repository/org/seleniumhq/selenium/selenium-api/3.141.59/selenium-api-3.141.59.jar:/Users/singh2_rajiv/.m2/repository/org/seleniumhq/selenium/selenium-chrome-driver/3.141.59/selenium-chrome-driver-3.141.59.jar:/Users/singh2_rajiv/.m2/repository/org/seleniumhq/selenium/selenium-edge-driver/3.141.59/selenium-edge-driver-3.141.59.jar:/Users/singh2_rajiv/.m2/repository/org/seleniumhq/selenium/selenium-firefox-driver/3.141.59/selenium-firefox-driver-3.141.59.jar:/Users/singh2_rajiv/.m2/repository/org/seleniumhq/selenium/selenium-ie-driver/3.141.59/selenium-ie-driver-3.141.59.jar:/Users/singh2_rajiv/.m2/repository/org/seleniumhq/selenium/selenium-opera-driver/3.141.59/selenium-opera-driver-3.141.59.jar:/Users/singh2_rajiv/.m2/repository/org/seleniumhq/selenium/selenium-remote-driver/3.141.59/selenium-remote-driver-3.141.59.jar:/Users/singh2_rajiv/.m2/repository/org/seleniumhq/selenium/selenium-safari-driver/3.141.59/selenium-safari-driver-3.141.59.jar:/Users/singh2_rajiv/.m2/repository/org/seleniumhq/selenium/selenium-support/3.141.59/selenium-support-3.141.59.jar:/Users/singh2_rajiv/.m2/repository/net/bytebuddy/byte-buddy/1.8.15/byte-buddy-1.8.15.jar:/Users/singh2_rajiv/.m2/repository/org/apache/commons/commons-exec/1.3/commons-exec-1.3.jar:/Users/singh2_rajiv/.m2/repository/com/google/guava/guava/25.0-jre/guava-25.0-jre.jar:/Users/singh2_rajiv/.m2/repository/com/google/code/findbugs/jsr305/1.3.9/jsr305-1.3.9.jar:/Users/singh2_rajiv/.m2/repository/org/checkerframework/checker-compat-qual/2.0.0/checker-compat-qual-2.0.0.jar:/Users/singh2_rajiv/.m2/repository/com/google/errorprone/error_prone_annotations/2.1.3/error_prone_annotations-2.1.3.jar:/Users/singh2_rajiv/.m2/repository/com/google/j2objc/j2objc-annotations/1.1/j2objc-annotations-1.1.jar:/Users/singh2_rajiv/.m2/repository/org/codehaus/mojo/animal-sniffer-annotations/1.14/animal-sniffer-annotations-1.14.jar:/Users/singh2_rajiv/.m2/repository/com/squareup/okhttp3/okhttp/3.11.0/okhttp-3.11.0.jar:/Users/singh2_rajiv/.m2/repository/com/squareup/okio/okio/1.14.0/okio-1.14.0.jar:"/>
    <property name="sun.cpu.endian" value="little"/>
    <property name="user.home" value="/Users/singh2_rajiv"/>
    <property name="user.language" value="en"/>
    <property name="java.specification.vendor" value="Oracle Corporation"/>
    <property name="java.version.date" value="2019-01-15"/>
    <property name="java.home" value="/Library/Java/JavaVirtualMachines/jdk-11.0.2.jdk/Contents/Home"/>
    <property name="file.separator" value="/"/>
    <property name="basedir" value="/Users/singh2_rajiv/Selenium/Cucumber"/>
    <property name="java.vm.compressedOopsMode" value="Zero based"/>
    <property name="line.separator" value="&#10;"/>
    <property name="java.specification.name" value="Java Platform API Specification"/>
    <property name="java.vm.specification.vendor" value="Oracle Corporation"/>
    <property name="java.awt.graphicsenv" value="sun.awt.CGraphicsEnvironment"/>
    <property name="surefire.real.class.path" value="/Users/singh2_rajiv/Selenium/Cucumber/target/surefire/surefirebooter13978282631519124084.jar"/>
    <property name="sun.management.compiler" value="HotSpot 64-Bit Tiered Compilers"/>
    <property name="java.runtime.version" value="11.0.2+9-LTS"/>
    <property name="user.name" value="singh2 rajiv"/>
    <property name="path.separator" value=":"/>
    <property name="os.version" value="10.14"/>
    <property name="java.runtime.name" value="Java(TM) SE Runtime Environment"/>
    <property name="file.encoding" value="UTF-8"/>
    <property name="java.vm.name" value="Java HotSpot(TM) 64-Bit Server VM"/>
    <property name="java.vendor.version" value="18.9"/>
    <property name="localRepository" value="/Users/singh2_rajiv/.m2/repository"/>
    <property name="java.vendor.url.bug" value="http://bugreport.java.com/bugreport/"/>
    <property name="java.io.tmpdir" value="/var/folders/v_/4flh1ksd0l59f60k5r0tvbbsd8jtf0/T/"/>
    <property name="java.version" value="11.0.2"/>
    <property name="user.dir" value="/Users/singh2_rajiv/Selenium/Cucumber"/>
    <property name="os.arch" value="x86_64"/>
    <property name="java.vm.specification.name" value="Java Virtual Machine Specification"/>
    <property name="java.awt.printerjob" value="sun.lwawt.macosx.CPrinterJob"/>
    <property name="sun.os.patch.level" value="unknown"/>
    <property name="java.library.path" value="/Users/singh2_rajiv/Library/Java/Extensions:/Library/Java/Extensions:/Network/Library/Java/Extensions:/System/Library/Java/Extensions:/usr/lib/java:."/>
    <property name="java.vendor" value="Oracle Corporation"/>
    <property name="java.vm.info" value="mixed mode"/>
    <property name="java.vm.version" value="11.0.2+9-LTS"/>
    <property name="sun.io.unicode.encoding" value="UnicodeBig"/>
    <property name="java.class.version" value="55.0"/>
  </properties>
  <testcase name="Given User is on Greencart landing page" classname="Scenario: Search for items and validate result" time="0.001"/>
  <testcase name="When User search for &quot;Cucumber&quot; vegetable" classname="Scenario: Search for items and validate result" time="0"/>
  <testcase name="Then &quot;Cucumber&quot; results are displayed" classname="Scenario: Search for items and validate result" time="0"/>
  <testcase name="Scenario: Search for items and validate result" classname="Scenario: Search for items and validate result" time="0.15"/>
  <testcase name="Given User is on Greencart landing page" classname="| Brinjal |" time="0.001"/>
  <testcase name="When User search for Brinjal vegetables" classname="| Brinjal |" time="0"/>
  <testcase name="And Add items to cart" classname="| Brinjal |" time="0"/>
  <testcase name="And User proceed to the checkout page for purchase" classname="| Brinjal |" time="0"/>
  <testcase name="Then Verify the selected Brinjal items are displayed in the checkout page" classname="| Brinjal |" time="0"/>
  <testcase name="| Brinjal |" classname="| Brinjal |" time="0.17"/>
  <testcase name="Given User is on Greencart landing page" classname="| Beetroot |" time="0"/>
  <testcase name="When User search for Beetroot vegetables" classname="| Beetroot |" time="0"/>
  <testcase name="And Add items to cart" classname="| Beetroot |" time="0"/>
  <testcase name="And User proceed to the checkout page for purchase" classname="| Beetroot |" time="0"/>
  <testcase name="Then Verify the selected Beetroot items are displayed in the checkout page" classname="| Beetroot |" time="0"/>
  <testcase name="| Beetroot |" classname="| Beetroot |" time="0.168"/>
</testsuite>